info it worked if it ends with ok
verbose cli [ 'node', '/usr/local/bin/npm', 'install' ]
info using npm@1.1.4
info using node@v0.6.12
verbose config file /home/frankrousseau/.npmrc
verbose config file /usr/local/etc/npmrc
verbose config file /usr/local/lib/node_modules/npm/npmrc
verbose caching /home/frankrousseau/mycloud/cozyhome/client/package.json
verbose loadDefaults package-name@0.0.1
verbose readDependencies: using package.json deps
verbose where, deps [ '/home/frankrousseau/mycloud/cozyhome/client',
verbose where, deps   [ 'javascript-brunch',
verbose where, deps     'coffee-script-brunch',
verbose where, deps     'css-brunch',
verbose where, deps     'stylus-brunch',
verbose where, deps     'jade-brunch',
verbose where, deps     'auto-reload-brunch',
verbose where, deps     'uglify-js-brunch',
verbose where, deps     'clean-css-brunch',
verbose where, deps     'mocha',
verbose where, deps     'expect.js' ] ]
verbose from cache /home/frankrousseau/mycloud/cozyhome/client/package.json
info preinstall package-name@0.0.1
verbose caching /home/frankrousseau/mycloud/cozyhome/client/node_modules/stylus-brunch/package.json
verbose caching /home/frankrousseau/mycloud/cozyhome/client/node_modules/uglify-js-brunch/package.json
verbose caching /home/frankrousseau/mycloud/cozyhome/client/node_modules/coffee-script-brunch/package.json
verbose caching /home/frankrousseau/mycloud/cozyhome/client/node_modules/jade-brunch/package.json
verbose caching /home/frankrousseau/mycloud/cozyhome/client/node_modules/css-brunch/package.json
verbose caching /home/frankrousseau/mycloud/cozyhome/client/node_modules/javascript-brunch/package.json
verbose caching /home/frankrousseau/mycloud/cozyhome/client/node_modules/clean-css-brunch/package.json
verbose caching /home/frankrousseau/mycloud/cozyhome/client/node_modules/mocha/package.json
verbose caching /home/frankrousseau/mycloud/cozyhome/client/node_modules/eco-brunch/package.json
verbose caching /home/frankrousseau/mycloud/cozyhome/client/node_modules/expect.js/package.json
verbose from cache /home/frankrousseau/mycloud/cozyhome/client/package.json
verbose readDependencies: using package.json deps
verbose from cache /home/frankrousseau/mycloud/cozyhome/client/node_modules/mocha/package.json
verbose from cache /home/frankrousseau/mycloud/cozyhome/client/node_modules/stylus-brunch/package.json
verbose from cache /home/frankrousseau/mycloud/cozyhome/client/node_modules/uglify-js-brunch/package.json
verbose from cache /home/frankrousseau/mycloud/cozyhome/client/node_modules/eco-brunch/package.json
verbose from cache /home/frankrousseau/mycloud/cozyhome/client/node_modules/coffee-script-brunch/package.json
verbose from cache /home/frankrousseau/mycloud/cozyhome/client/node_modules/expect.js/package.json
verbose from cache /home/frankrousseau/mycloud/cozyhome/client/node_modules/jade-brunch/package.json
verbose from cache /home/frankrousseau/mycloud/cozyhome/client/node_modules/css-brunch/package.json
verbose from cache /home/frankrousseau/mycloud/cozyhome/client/node_modules/javascript-brunch/package.json
verbose from cache /home/frankrousseau/mycloud/cozyhome/client/node_modules/clean-css-brunch/package.json
verbose already installed in /home/frankrousseau/mycloud/cozyhome/client skipping jade-brunch@1.0.x
verbose cache add [ 'auto-reload-brunch@x.y.z', null ]
silly cache add: name, spec, args [ undefined,
silly cache add: name, spec, args   'auto-reload-brunch@x.y.z',
silly cache add: name, spec, args   [ 'auto-reload-brunch@x.y.z', null ] ]
verbose parsed url { pathname: 'auto-reload-brunch@x.y.z',
verbose parsed url   path: 'auto-reload-brunch@x.y.z',
verbose parsed url   href: 'auto-reload-brunch@x.y.z' }
silly cache add: name, spec, args [ 'auto-reload-brunch',
silly cache add: name, spec, args   'x.y.z',
silly cache add: name, spec, args   [ 'auto-reload-brunch', 'x.y.z' ] ]
verbose parsed url { pathname: 'x.y.z', path: 'x.y.z', href: 'x.y.z' }
verbose addNamed [ 'auto-reload-brunch', 'x.y.z' ]
verbose addNamed [ null, null ]
info addNameTag [ 'auto-reload-brunch', 'x.y.z' ]
verbose already installed in /home/frankrousseau/mycloud/cozyhome/client skipping uglify-js-brunch@1.0.x
verbose already installed in /home/frankrousseau/mycloud/cozyhome/client skipping clean-css-brunch@1.0.x
verbose already installed in /home/frankrousseau/mycloud/cozyhome/client skipping mocha@0.14.0
verbose already installed in /home/frankrousseau/mycloud/cozyhome/client skipping expect.js@0.1.2
verbose already installed in /home/frankrousseau/mycloud/cozyhome/client skipping javascript-brunch@1.0.x
verbose already installed in /home/frankrousseau/mycloud/cozyhome/client skipping coffee-script-brunch@1.0.x
verbose already installed in /home/frankrousseau/mycloud/cozyhome/client skipping css-brunch@1.0.x
verbose raw, before any munging auto-reload-brunch
verbose url resolving [ 'https://registry.npmjs.org/', './auto-reload-brunch' ]
verbose url resolved https://registry.npmjs.org/auto-reload-brunch
http GET https://registry.npmjs.org/auto-reload-brunch
verbose already installed in /home/frankrousseau/mycloud/cozyhome/client skipping stylus-brunch@1.0.x
http 404 https://registry.npmjs.org/auto-reload-brunch
silly get cb [ 404,
silly get cb   { server: 'CouchDB/1.2.0 (Erlang OTP/R15B)',
silly get cb     date: 'Wed, 02 May 2012 01:31:32 GMT',
silly get cb     'content-type': 'application/json',
silly get cb     'content-length': '52',
silly get cb     'cache-control': 'must-revalidate' } ]
ERR! 404 'auto-reload-brunch' is not in the npm registry.
ERR! 404 You should bug the author to publish it
ERR! 404 Note that you can also install from a
ERR! 404 tarball, folder, or http url, or git url.
ERR! 
ERR! System Linux 3.0.0-14-generic
ERR! command "node" "/usr/local/bin/npm" "install"
ERR! cwd /home/frankrousseau/mycloud/cozyhome/client
ERR! node -v v0.6.12
ERR! npm -v 1.1.4
ERR! code E404
ERR! message 404 Not Found: auto-reload-brunch
ERR! errno {}
verbose exit [ 1, true ]
