0 info it worked if it ends with ok
1 verbose cli [ '/usr/local/bin/node',
1 verbose cli   '/usr/local/bin/npm',
1 verbose cli   'version',
1 verbose cli   'patch' ]
2 info using npm@1.2.0
3 info using node@v0.8.17
4 error version No package.json found
5 error Error: ENOENT, open '/home/frankrousseau/mycloud/products/cozy-home/client/app/views/package.json'
6 error If you need help, you may report this log at:
6 error     <http://github.com/isaacs/npm/issues>
6 error or email it to:
6 error     <npm-@googlegroups.com>
7 error System Linux 3.13.0-24-generic
8 error command "/usr/local/bin/node" "/usr/local/bin/npm" "version" "patch"
9 error cwd /home/frankrousseau/mycloud/products/cozy-home/client/app/views
10 error node -v v0.8.17
11 error npm -v 1.2.0
12 error path /home/frankrousseau/mycloud/products/cozy-home/client/app/views/package.json
13 error code ENOENT
14 error errno 34
15 verbose exit [ 34, true ]
